<?xml version="1.0" encoding="UTF-8"?>
<!-- Generated by org.testng.reporters.JUnitReportReporter -->
<testsuite hostname="kishores-Air.mshome.net" failures="0" tests="1" name="baseclass.Tc_02_Test" time="10.883" errors="0" timestamp="2024-06-13T15:34:23 IST" skipped="0">
  <testcase classname="baseclass.Tc_02_Test" name="createContact" time="10.883"/>
</testsuite> <!-- baseclass.Tc_02_Test -->
