<?xml version="1.0" encoding="UTF-8"?>
<!-- Generated by org.testng.reporters.JUnitReportReporter -->
<testsuite hostname="kishores-Air.mshome.net" failures="0" tests="2" name="con.contactTest" time="0.012" errors="0" timestamp="2024-06-13T15:36:16 IST" skipped="0">
  <testcase classname="con.contactTest" name="createcon" time="0.011"/>
  <testcase classname="con.contactTest" name="createconmod" time="0.001"/>
</testsuite> <!-- con.contactTest -->
