<?xml version="1.0" encoding="UTF-8"?>
<!-- Generated by org.testng.reporters.JUnitReportReporter -->
<testsuite hostname="kishores-Air.mshome.net" failures="0" tests="1" name="baseclass.tc_01Test" time="4.033" errors="0" timestamp="2024-06-13T15:34:23 IST" skipped="0">
  <testcase classname="baseclass.tc_01Test" name="jupcontactvalid" time="4.033"/>
</testsuite> <!-- baseclass.tc_01Test -->
