<?xml version="1.0" encoding="UTF-8"?>
<!-- Generated by org.testng.reporters.JUnitReportReporter -->
<testsuite hostname="kishores-Air.mshome.net" failures="0" tests="2" name="org.OrgTest" time="0.002" errors="0" timestamp="2024-06-13T15:36:16 IST" skipped="0">
  <testcase classname="org.OrgTest" name="createorg" time="0.001"/>
  <testcase classname="org.OrgTest" name="createorgmod" time="0.001"/>
</testsuite> <!-- org.OrgTest -->
